<?xml version="1.0" encoding="utf-8"?><testsuites name="pytest tests"><testsuite name="pytest" errors="0" failures="1" skipped="0" tests="17" time="117.107" timestamp="2026-04-23T17:07:41.502803+00:00" hostname="agent-env-a930c633-2db3-425a-b486-be79e35fc289"><testcase classname="backend.tests.test_iteration3_features.TestPipeline" name="test_ingest_requires_secret" time="0.268" /><testcase classname="backend.tests.test_iteration3_features.TestPipeline" name="test_ingest_creates_submission" time="18.582" /><testcase classname="backend.tests.test_iteration3_features.TestPipeline" name="test_admin_list_pipeline" time="0.131" /><testcase classname="backend.tests.test_iteration3_features.TestPipeline" name="test_admin_list_pipeline_filter_pending" time="0.122" /><testcase classname="backend.tests.test_iteration3_features.TestPipeline" name="test_admin_publish_creates_task" time="24.514" /><testcase classname="backend.tests.test_iteration3_features.TestPipeline" name="test_admin_discard" time="18.118" /><testcase classname="backend.tests.test_iteration3_features.TestRedemptions" name="test_admin_list_and_fulfill" time="0.675"><failure message="AssertionError: Internal Server Error&#10;assert 500 == 200&#10; +  where 500 = &lt;Response [500]&gt;.status_code">backend/tests/test_iteration3_features.py:183: in test_admin_list_and_fulfill
    assert redeem.status_code == 200, redeem.text
E   AssertionError: Internal Server Error
E   assert 500 == 200
E    +  where 500 = &lt;Response [500]&gt;.status_code</failure></testcase><testcase classname="backend.tests.test_iteration3_features.TestApplicants" name="test_apply_and_list_applicants" time="10.375" /><testcase classname="backend.tests.test_iteration3_features.TestApplicants" name="test_non_owner_ngo_gets_403" time="23.957" /><testcase classname="backend.tests.test_iteration3_features.TestRatingAndBadges" name="test_ngo_5star_rating_awards_bonus" time="7.506" /><testcase classname="backend.tests.test_iteration3_features.TestRatingAndBadges" name="test_volunteer_rating" time="6.920" /><testcase classname="backend.tests.test_iteration3_features.TestRatingAndBadges" name="test_speed_volunteer_badge" time="1.087" /><testcase classname="backend.tests.test_iteration3_features.TestRatingAndBadges" name="test_multilingual_badge_on_complete" time="1.018" /><testcase classname="backend.tests.test_iteration3_features.TestRatingAndBadges" name="test_skill_champion_per_category" time="3.109" /><testcase classname="backend.tests.test_iteration3_features.TestProfileEdits" name="test_put_users_me" time="0.229" /><testcase classname="backend.tests.test_iteration3_features.TestProfileEdits" name="test_put_ngos_me" time="0.260" /><testcase classname="backend.tests.test_iteration3_features.TestProfileEdits" name="test_put_ngos_me_forbidden_for_volunteer" time="0.114" /></testsuite></testsuites>