<?xml version="1.0" encoding="utf-8"?><testsuites name="pytest tests"><testsuite name="pytest" errors="0" failures="0" skipped="0" tests="12" time="57.334" timestamp="2026-04-23T16:46:18.005856+00:00" hostname="agent-env-a930c633-2db3-425a-b486-be79e35fc289"><testcase classname="backend.tests.test_sra_new_features.TestPublicImpact" name="test_public_impact_no_auth" time="0.608" /><testcase classname="backend.tests.test_sra_new_features.TestSemanticSkills" name="test_create_task_has_semantic_skills" time="30.546" /><testcase classname="backend.tests.test_sra_new_features.TestSemanticSkills" name="test_get_task_returns_semantic_skills" time="0.214" /><testcase classname="backend.tests.test_sra_new_features.TestSemanticSkills" name="test_matching_uses_semantic_skills" time="0.183" /><testcase classname="backend.tests.test_sra_new_features.TestMatchOwnership" name="test_ngo_cannot_run_matching_on_other_ngo_task" time="0.260" /><testcase classname="backend.tests.test_sra_new_features.TestMatchOwnership" name="test_admin_can_run_matching_on_any_task" time="0.275" /><testcase classname="backend.tests.test_sra_new_features.TestNotifications" name="test_list_without_auth_401" time="0.123" /><testcase classname="backend.tests.test_sra_new_features.TestNotifications" name="test_notifications_created_after_matching" time="21.969" /><testcase classname="backend.tests.test_sra_new_features.TestNotifications" name="test_mark_single_notification_read" time="0.363" /><testcase classname="backend.tests.test_sra_new_features.TestNotifications" name="test_respond_match_creates_ngo_notification" time="1.254" /><testcase classname="backend.tests.test_sra_new_features.TestNotifications" name="test_complete_match_creates_volunteer_notification" time="1.229" /><testcase classname="backend.tests.test_sra_new_features.TestNotifications" name="test_mark_all_read" time="0.218" /></testsuite></testsuites>