<?xml version="1.0" encoding="utf-8"?><testsuites name="pytest tests"><testsuite name="pytest" errors="0" failures="0" skipped="0" tests="27" time="70.464" timestamp="2026-04-23T16:47:20.724556+00:00" hostname="agent-env-a930c633-2db3-425a-b486-be79e35fc289"><testcase classname="backend.tests.test_sra_api.TestHealth" name="test_api_health" time="0.732" /><testcase classname="backend.tests.test_sra_api.TestAuth" name="test_me_without_token_401" time="0.125" /><testcase classname="backend.tests.test_sra_api.TestAuth" name="test_me_admin" time="0.116" /><testcase classname="backend.tests.test_sra_api.TestAuth" name="test_me_volunteer" time="0.111" /><testcase classname="backend.tests.test_sra_api.TestAuth" name="test_me_ngo" time="0.100" /><testcase classname="backend.tests.test_sra_api.TestAdminSeed" name="test_seed_demo" time="0.516" /><testcase classname="backend.tests.test_sra_api.TestAdminSeed" name="test_admin_stats" time="0.130" /><testcase classname="backend.tests.test_sra_api.TestAdminSeed" name="test_admin_stats_forbidden_for_volunteer" time="0.127" /><testcase classname="backend.tests.test_sra_api.TestAdminSeed" name="test_admin_users" time="0.108" /><testcase classname="backend.tests.test_sra_api.TestAdminSeed" name="test_admin_unverified" time="0.108" /><testcase classname="backend.tests.test_sra_api.TestAdminSeed" name="test_admin_audit_logs" time="0.122" /><testcase classname="backend.tests.test_sra_api.TestTasks" name="test_list_tasks" time="37.250" /><testcase classname="backend.tests.test_sra_api.TestTasks" name="test_list_tasks_filter_status_open" time="0.176" /><testcase classname="backend.tests.test_sra_api.TestTasks" name="test_list_tasks_filter_urgency_min" time="0.142" /><testcase classname="backend.tests.test_sra_api.TestTasks" name="test_list_tasks_filter_category" time="0.108" /><testcase classname="backend.tests.test_sra_api.TestTasks" name="test_create_task_as_ngo" time="17.829" /><testcase classname="backend.tests.test_sra_api.TestTasks" name="test_get_created_task_persisted" time="0.146" /><testcase classname="backend.tests.test_sra_api.TestMatching" name="test_run_matching_as_admin" time="0.139" /><testcase classname="backend.tests.test_sra_api.TestMatching" name="test_match_task_results" time="0.119" /><testcase classname="backend.tests.test_sra_api.TestMatching" name="test_volunteer_respond_match" time="10.976" /><testcase classname="backend.tests.test_sra_api.TestMatching" name="test_complete_match_awards_points" time="0.242" /><testcase classname="backend.tests.test_sra_api.TestRewards" name="test_catalog" time="0.113" /><testcase classname="backend.tests.test_sra_api.TestRewards" name="test_leaderboard" time="0.108" /><testcase classname="backend.tests.test_sra_api.TestRewards" name="test_redeem_insufficient" time="0.294" /><testcase classname="backend.tests.test_sra_api.TestVerification" name="test_verify_ngo" time="0.230" /><testcase classname="backend.tests.test_sra_api.TestVerification" name="test_verify_user" time="0.107" /><testcase classname="backend.tests.test_sra_api.TestVerification" name="test_verify_forbidden_for_volunteer" time="0.115" /></testsuite></testsuites>