<?xml version="1.0" encoding="utf-8"?><testsuites name="pytest tests"><testsuite name="pytest" errors="0" failures="0" skipped="0" tests="27" time="30.043" timestamp="2026-04-23T16:32:09.241943+00:00" hostname="agent-env-a930c633-2db3-425a-b486-be79e35fc289"><testcase classname="tests.test_sra_api.TestHealth" name="test_api_health" time="0.568" /><testcase classname="tests.test_sra_api.TestAuth" name="test_me_without_token_401" time="0.130" /><testcase classname="tests.test_sra_api.TestAuth" name="test_me_admin" time="0.143" /><testcase classname="tests.test_sra_api.TestAuth" name="test_me_volunteer" time="0.110" /><testcase classname="tests.test_sra_api.TestAuth" name="test_me_ngo" time="0.126" /><testcase classname="tests.test_sra_api.TestAdminSeed" name="test_seed_demo" time="0.558" /><testcase classname="tests.test_sra_api.TestAdminSeed" name="test_admin_stats" time="0.126" /><testcase classname="tests.test_sra_api.TestAdminSeed" name="test_admin_stats_forbidden_for_volunteer" time="0.136" /><testcase classname="tests.test_sra_api.TestAdminSeed" name="test_admin_users" time="0.150" /><testcase classname="tests.test_sra_api.TestAdminSeed" name="test_admin_unverified" time="0.115" /><testcase classname="tests.test_sra_api.TestAdminSeed" name="test_admin_audit_logs" time="0.122" /><testcase classname="tests.test_sra_api.TestTasks" name="test_list_tasks" time="0.109" /><testcase classname="tests.test_sra_api.TestTasks" name="test_list_tasks_filter_status_open" time="0.128" /><testcase classname="tests.test_sra_api.TestTasks" name="test_list_tasks_filter_urgency_min" time="0.114" /><testcase classname="tests.test_sra_api.TestTasks" name="test_list_tasks_filter_category" time="0.123" /><testcase classname="tests.test_sra_api.TestTasks" name="test_create_task_as_ngo" time="18.249" /><testcase classname="tests.test_sra_api.TestTasks" name="test_get_created_task_persisted" time="0.173" /><testcase classname="tests.test_sra_api.TestMatching" name="test_run_matching_as_admin" time="0.130" /><testcase classname="tests.test_sra_api.TestMatching" name="test_match_task_results" time="0.121" /><testcase classname="tests.test_sra_api.TestMatching" name="test_volunteer_respond_match" time="7.359" /><testcase classname="tests.test_sra_api.TestMatching" name="test_complete_match_awards_points" time="0.238" /><testcase classname="tests.test_sra_api.TestRewards" name="test_catalog" time="0.108" /><testcase classname="tests.test_sra_api.TestRewards" name="test_leaderboard" time="0.106" /><testcase classname="tests.test_sra_api.TestRewards" name="test_redeem_insufficient" time="0.221" /><testcase classname="tests.test_sra_api.TestVerification" name="test_verify_ngo" time="0.254" /><testcase classname="tests.test_sra_api.TestVerification" name="test_verify_user" time="0.115" /><testcase classname="tests.test_sra_api.TestVerification" name="test_verify_forbidden_for_volunteer" time="0.104" /></testsuite></testsuites>